<?xml version="1.0" encoding="UTF-8"?>
<testsuites name="TestSUitesPermisos" time="26" tests="4" failures="0" errors="0">
   <testsuite name="TestSUitesPermisos" tests="4" failures="0" errors="0" time="26" timestamp="2018-12-24 13:22:52" hostname="jmatamoros - DESK-DEV01.BMinc.eu" id="Test Suites/TestSUitesPermisos">
      <properties>
         <property name="deviceName" value=""/>
         <property name="devicePlatform" value=""/>
         <property name="logFolder" value="C:\\Users\\jmatamoros.BMINC\\git\\katalonTest\\Reports\\TestSUitesPermisos\\20181224_132251"/>
         <property name="logFiles" value="C:\\Users\\jmatamoros.BMINC\\git\\katalonTest\\Reports\\TestSUitesPermisos\\20181224_132251\\execution0.log"/>
         <property name="attachments" value=""/>
         <property name="hostName" value="jmatamoros - DESK-DEV01.BMinc.eu"/>
         <property name="os" value="Windows 10 64bit"/>
         <property name="katalonVersion" value="5.10.0.1"/>
         <property name="browser" value="Firefox 64.0"/>
         <property name="hostAddress" value="10.0.89.112"/>
         <property name="sessionId" value="0cd2b626-0f97-4a1f-b3c2-da5cd5d71261"/>
         <property name="seleniumVersion" value="3.7.1"/>
         <property name="proxyInformation" value="ProxyInformation{proxyOption=NO_PROXY, proxyServerType=HTTP, password=, proxyServerAddress=, proxyServerPort=0}"/>
         <property name="platform" value="Windows 10"/>
      </properties>
      <testcase name="Test Cases/PREGAME/Permisos/PermisosCasino" classname="Test Cases/PREGAME/Permisos/PermisosCasino" status="PASSED">
         <system-out><![CDATA[2018-12-24 13:22:53 - [TEST_CASE][PASSED] - Test Cases/PREGAME/Permisos/PermisosCasino: Test Cases/PREGAME/Permisos/PermisosCasino

2018-12-24 13:22:53 - [TEST_STEP][PASSED] - log = new com.kms.katalon.core.logging.KeywordLogger(): null

2018-12-24 13:22:53 - [TEST_STEP][PASSED] - com.utils.ExcelsUtils.loadFileInputStream(permisosExcelRuta): com.utils.ExcelsUtils.loadFileInputStream is PASSED

2018-12-24 13:22:54 - [MESSAGE][PASSED] - com.utils.ExcelsUtils.loadFileInputStream is PASSED

2018-12-24 13:22:54 - [TEST_STEP][PASSED] - com.utils.ExcelsUtils.createReadXSSFWorkbook(): com.utils.ExcelsUtils.createReadXSSFWorkbook is PASSED

2018-12-24 13:22:54 - [MESSAGE][INFO] - input file create  Read java.io.FileInputStream@548e76f1

2018-12-24 13:22:54 - [MESSAGE][PASSED] - com.utils.ExcelsUtils.createReadXSSFWorkbook is PASSED

2018-12-24 13:22:54 - [TEST_STEP][PASSED] - com.utils.ExcelsUtils.loadXSSFSheet("Casino"): com.utils.ExcelsUtils.loadXSSFSheet is PASSED

2018-12-24 13:22:54 - [MESSAGE][PASSED] - com.utils.ExcelsUtils.loadXSSFSheet is PASSED

2018-12-24 13:22:54 - [TEST_STEP][PASSED] - url = com.utils.ExcelsUtils.getColumValue(1, 1): com.utils.ExcelsUtils.getColumValue is PASSED

2018-12-24 13:22:54 - [MESSAGE][PASSED] - com.utils.ExcelsUtils.getColumValue is PASSED

2018-12-24 13:22:54 - [TEST_STEP][PASSED] - userName = com.utils.ExcelsUtils.getColumValue(1, 2): com.utils.ExcelsUtils.getColumValue is PASSED

2018-12-24 13:22:54 - [MESSAGE][PASSED] - com.utils.ExcelsUtils.getColumValue is PASSED

2018-12-24 13:22:54 - [TEST_STEP][PASSED] - userPassword = com.utils.ExcelsUtils.getColumValue(1, 3): com.utils.ExcelsUtils.getColumValue is PASSED

2018-12-24 13:22:54 - [MESSAGE][PASSED] - com.utils.ExcelsUtils.getColumValue is PASSED

2018-12-24 13:22:54 - [TEST_STEP][PASSED] - startHour = com.utils.DateUtil.getHours(): com.utils.DateUtil.getHours is PASSED

2018-12-24 13:22:54 - [MESSAGE][PASSED] - com.utils.DateUtil.getHours is PASSED

2018-12-24 13:22:54 - [TEST_STEP][PASSED] - com.utils.ExcelsUtils.saveDataOnExcel(1, 4, com.utils.DateUtil.getDate()): com.utils.ExcelsUtils.saveDataOnExcel is PASSED

2018-12-24 13:22:54 - [MESSAGE][PASSED] - com.utils.DateUtil.getDate is PASSED

2018-12-24 13:22:54 - [MESSAGE][PASSED] - com.utils.ExcelsUtils.saveDataOnExcel is PASSED

2018-12-24 13:22:54 - [TEST_STEP][PASSED] - com.utils.ExcelsUtils.saveDataOnExcel(1, 5, startHour): com.utils.ExcelsUtils.saveDataOnExcel is PASSED

2018-12-24 13:22:54 - [MESSAGE][PASSED] - com.utils.ExcelsUtils.saveDataOnExcel is PASSED

2018-12-24 13:22:54 - [TEST_STEP][PASSED] - try: com.utils.ExcelsUtils.saveDataOnExcel is PASSED

2018-12-24 13:22:54 - [TEST_STEP][PASSED] - if (!(usuarioLogeado)): null

2018-12-24 13:22:54 - [TEST_STEP][PASSED] - callTestCase(findTestCase("PREGAME/SportBook/Login_Successfull"), ["url":url, "loginUser":userName, "loginPassword":userPassword], STOP_ON_FAILURE): Call Test Case 'Test Cases/PREGAME/SportBook/Login_Successfull' successfully

2018-12-24 13:22:54 - [TEST_CASE][PASSED] - Test Cases/PREGAME/SportBook/Login_Successfull: Test Cases/PREGAME/SportBook/Login_Successfull

2018-12-24 13:22:55 - [TEST_STEP][PASSED] - openBrowser(""): Browser is opened with url: ''

2018-12-24 13:22:55 - [MESSAGE][INFO] - Starting 'Firefox' driver

2018-12-24 13:22:55 - [MESSAGE][INFO] - Action delay is set to 0 seconds

2018-12-24 13:23:01 - [MESSAGE][PASSED] - Browser is opened with url: ''

2018-12-24 13:23:01 - [TEST_STEP][PASSED] - caps = getWebDriver().getCapabilities(): null

2018-12-24 13:23:01 - [TEST_STEP][PASSED] - plataform = caps.getPlatform(): null

2018-12-24 13:23:01 - [TEST_STEP][PASSED] - navigateToUrl(url): Navigate to 'http://pp-ids-pregame.bminc.eu/' successfully

2018-12-24 13:23:05 - [MESSAGE][PASSED] - Navigate to 'http://pp-ids-pregame.bminc.eu/' successfully

2018-12-24 13:23:05 - [TEST_STEP][PASSED] - if (!(plataform.equalsIgnoreCase("ANDROID"))): Current window maximized

2018-12-24 13:23:05 - [TEST_STEP][PASSED] - maximizeWindow(): Current window maximized

2018-12-24 13:23:05 - [MESSAGE][PASSED] - Current window maximized

2018-12-24 13:23:05 - [TEST_STEP][PASSED] - try: Object 'Object Repository/Repositorio Sportbook/Login/div_Logout' is visible

2018-12-24 13:23:05 - [TEST_STEP][PASSED] - delay(2): Delayed 2 second(s)

2018-12-24 13:23:07 - [MESSAGE][PASSED] - Delayed 2 second(s)

2018-12-24 13:23:07 - [TEST_STEP][PASSED] - waitForElementPresent(findTestObject("Repositorio Apuestas deportivas juegos/a_Ingresar"), 20): Object 'Object Repository/Repositorio Apuestas deportivas juegos/a_Ingresar' is present

2018-12-24 13:23:07 - [MESSAGE][PASSED] - Object 'Object Repository/Repositorio Apuestas deportivas juegos/a_Ingresar' is present

2018-12-24 13:23:07 - [TEST_STEP][PASSED] - delay(2): Delayed 2 second(s)

2018-12-24 13:23:09 - [MESSAGE][PASSED] - Delayed 2 second(s)

2018-12-24 13:23:09 - [TEST_STEP][PASSED] - click(findTestObject("Repositorio Apuestas deportivas juegos/a_Ingresar")): Object: 'Object Repository/Repositorio Apuestas deportivas juegos/a_Ingresar' is clicked on

2018-12-24 13:23:10 - [MESSAGE][PASSED] - Object: 'Object Repository/Repositorio Apuestas deportivas juegos/a_Ingresar' is clicked on

2018-12-24 13:23:10 - [TEST_STEP][PASSED] - delay(2): Delayed 2 second(s)

2018-12-24 13:23:12 - [MESSAGE][PASSED] - Delayed 2 second(s)

2018-12-24 13:23:12 - [TEST_STEP][PASSED] - waitForElementVisible(findTestObject("Repositorio Apuestas deportivas juegos/input_Bienvenido_user"), 20): Object 'Object Repository/Repositorio Apuestas deportivas juegos/input_Bienvenido_user' is visible

2018-12-24 13:23:12 - [MESSAGE][PASSED] - Object 'Object Repository/Repositorio Apuestas deportivas juegos/input_Bienvenido_user' is visible

2018-12-24 13:23:12 - [TEST_STEP][PASSED] - sendKeys(findTestObject("Repositorio Apuestas deportivas juegos/input_Bienvenido_user"), loginUser): Keys '10075T' sent to object: 'Object Repository/Repositorio Apuestas deportivas juegos/input_Bienvenido_user'

2018-12-24 13:23:12 - [MESSAGE][PASSED] - Keys '10075T' sent to object: 'Object Repository/Repositorio Apuestas deportivas juegos/input_Bienvenido_user'

2018-12-24 13:23:12 - [TEST_STEP][PASSED] - sendKeys(findTestObject("Repositorio Apuestas deportivas juegos/input_Bienvenido_password"), loginPassword): Keys '1234' sent to object: 'Object Repository/Repositorio Apuestas deportivas juegos/input_Bienvenido_password'

2018-12-24 13:23:12 - [MESSAGE][PASSED] - Keys '1234' sent to object: 'Object Repository/Repositorio Apuestas deportivas juegos/input_Bienvenido_password'

2018-12-24 13:23:12 - [TEST_STEP][PASSED] - click(findTestObject("Repositorio Apuestas deportivas juegos/button_Entrar")): Object: 'Object Repository/Repositorio Apuestas deportivas juegos/button_Entrar' is clicked on

2018-12-24 13:23:14 - [MESSAGE][PASSED] - Object: 'Object Repository/Repositorio Apuestas deportivas juegos/button_Entrar' is clicked on

2018-12-24 13:23:14 - [TEST_STEP][PASSED] - waitForElementVisible(findTestObject("Repositorio Sportbook/li_PIN10075T"), 3): Object 'Object Repository/Repositorio Sportbook/li_PIN10075T' is visible

2018-12-24 13:23:15 - [MESSAGE][PASSED] - Object 'Object Repository/Repositorio Sportbook/li_PIN10075T' is visible

2018-12-24 13:23:15 - [TEST_STEP][PASSED] - if (!(mobileBrowser)): Object 'Object Repository/Repositorio Sportbook/Login/div_Logout' is visible

2018-12-24 13:23:15 - [TEST_STEP][PASSED] - verifyElementVisible(findTestObject("Repositorio Sportbook/Login/div_Logout")): Object 'Object Repository/Repositorio Sportbook/Login/div_Logout' is visible

2018-12-24 13:23:15 - [MESSAGE][PASSED] - Object 'Object Repository/Repositorio Sportbook/Login/div_Logout' is visible

2018-12-24 13:23:15 - [MESSAGE][PASSED] - Call Test Case 'Test Cases/PREGAME/SportBook/Login_Successfull' successfully

2018-12-24 13:23:15 - [TEST_STEP][PASSED] - usuarioLogeado = true: null

2018-12-24 13:23:15 - [TEST_STEP][PASSED] - com.utils.ExcelsUtils.saveDataOnExcel(1, 8, mycompany.GetTestingConfig.getOperatingSystem()): com.utils.ExcelsUtils.saveDataOnExcel is PASSED

2018-12-24 13:23:15 - [MESSAGE][PASSED] - mycompany.GetTestingConfig.getOperatingSystem is PASSED

2018-12-24 13:23:15 - [MESSAGE][PASSED] - com.utils.ExcelsUtils.saveDataOnExcel is PASSED

2018-12-24 13:23:15 - [TEST_STEP][PASSED] - com.utils.ExcelsUtils.saveDataOnExcel(1, 10, mycompany.GetTestingConfig.getScreenResolution()): com.utils.ExcelsUtils.saveDataOnExcel is PASSED

2018-12-24 13:23:15 - [MESSAGE][PASSED] - mycompany.GetTestingConfig.getScreenResolution is PASSED

2018-12-24 13:23:15 - [MESSAGE][PASSED] - com.utils.ExcelsUtils.saveDataOnExcel is PASSED

2018-12-24 13:23:15 - [TEST_STEP][PASSED] - com.utils.ExcelsUtils.saveDataOnExcel(1, 9, mycompany.GetTestingConfig.getBrowserAndVersion()): com.utils.ExcelsUtils.saveDataOnExcel is PASSED

2018-12-24 13:23:15 - [MESSAGE][PASSED] - mycompany.GetTestingConfig.getBrowserAndVersion is PASSED

2018-12-24 13:23:15 - [MESSAGE][PASSED] - com.utils.ExcelsUtils.saveDataOnExcel is PASSED

2018-12-24 13:23:15 - [TEST_STEP][PASSED] - verifyElementVisible(findTestObject("Repositorio Sportbook/Permisos/Casino/div_Casino")): Object 'Object Repository/Repositorio Sportbook/Permisos/Casino/div_Casino' is visible

2018-12-24 13:23:15 - [MESSAGE][PASSED] - Object 'Object Repository/Repositorio Sportbook/Permisos/Casino/div_Casino' is visible

2018-12-24 13:23:15 - [TEST_STEP][PASSED] - permiso = getAttribute(findTestObject("Repositorio Sportbook/Permisos/Casino/div_Casino"), "textContent"): Attribute 'textContent' of object 'Object Repository/Repositorio Sportbook/Permisos/Casino/div_Casino' is: 'Casino'

2018-12-24 13:23:15 - [MESSAGE][PASSED] - Attribute 'textContent' of object 'Object Repository/Repositorio Sportbook/Permisos/Casino/div_Casino' is: 'Casino'

2018-12-24 13:23:15 - [TEST_STEP][PASSED] - com.utils.ExcelsUtils.saveDataOnExcel(1, 11, permiso): com.utils.ExcelsUtils.saveDataOnExcel is PASSED

2018-12-24 13:23:15 - [MESSAGE][PASSED] - com.utils.ExcelsUtils.saveDataOnExcel is PASSED

2018-12-24 13:23:15 - [TEST_STEP][PASSED] - com.utils.ExcelsUtils.saveDataOnExcel(1, 12, PASSED): com.utils.ExcelsUtils.saveDataOnExcel is PASSED

2018-12-24 13:23:15 - [MESSAGE][PASSED] - com.utils.ExcelsUtils.saveDataOnExcel is PASSED

2018-12-24 13:23:15 - [TEST_STEP][PASSED] - com.utils.ExcelsUtils.saveDataOnExcel(1, 13, "Permiso Casino es correctamente accesible para el usuario"): com.utils.ExcelsUtils.saveDataOnExcel is PASSED

2018-12-24 13:23:15 - [MESSAGE][PASSED] - com.utils.ExcelsUtils.saveDataOnExcel is PASSED

2018-12-24 13:23:15 - [TEST_STEP][PASSED] - Finally: com.utils.ExcelsUtils.closeFileInStream is PASSED

2018-12-24 13:23:15 - [TEST_STEP][PASSED] - com.utils.ExcelsUtils.saveDataOnExcel(1, 7, com.utils.DateUtil.getHours()): com.utils.ExcelsUtils.saveDataOnExcel is PASSED

2018-12-24 13:23:15 - [MESSAGE][PASSED] - com.utils.DateUtil.getHours is PASSED

2018-12-24 13:23:15 - [MESSAGE][PASSED] - com.utils.ExcelsUtils.saveDataOnExcel is PASSED

2018-12-24 13:23:15 - [TEST_STEP][PASSED] - com.utils.ExcelsUtils.saveDataOnExcel(1, 6, com.utils.DateUtil.getDate()): com.utils.ExcelsUtils.saveDataOnExcel is PASSED

2018-12-24 13:23:15 - [MESSAGE][PASSED] - com.utils.DateUtil.getDate is PASSED

2018-12-24 13:23:15 - [MESSAGE][PASSED] - com.utils.ExcelsUtils.saveDataOnExcel is PASSED

2018-12-24 13:23:15 - [TEST_STEP][PASSED] - com.utils.ExcelsUtils.closeFileInStream(): com.utils.ExcelsUtils.closeFileInStream is PASSED

2018-12-24 13:23:15 - [MESSAGE][PASSED] - com.utils.ExcelsUtils.closeFileInStream is PASSED

2018-12-24 13:23:15 - [TEST_STEP][PASSED] - com.utils.ExcelsUtils.loadFileOutputStream(permisosExcelRuta): com.utils.ExcelsUtils.loadFileOutputStream is PASSED

2018-12-24 13:23:15 - [MESSAGE][PASSED] - com.utils.ExcelsUtils.loadFileOutputStream is PASSED

2018-12-24 13:23:15 - [TEST_STEP][PASSED] - com.utils.ExcelsUtils.writeOutputExcelSheet(): com.utils.ExcelsUtils.writeOutputExcelSheet is PASSED

2018-12-24 13:23:15 - [MESSAGE][PASSED] - com.utils.ExcelsUtils.writeOutputExcelSheet is PASSED

2018-12-24 13:23:15 - [TEST_STEP][PASSED] - com.utils.ExcelsUtils.closeFileInStream(): com.utils.ExcelsUtils.closeFileInStream is PASSED

2018-12-24 13:23:15 - [MESSAGE][PASSED] - com.utils.ExcelsUtils.closeFileInStream is PASSED]]></system-out>
         <system-err><![CDATA[]]></system-err>
      </testcase>
      <testcase name="Test Cases/PREGAME/Permisos/PermisosHorses" classname="Test Cases/PREGAME/Permisos/PermisosHorses" status="PASSED">
         <system-out><![CDATA[2018-12-24 13:23:15 - [TEST_CASE][PASSED] - Test Cases/PREGAME/Permisos/PermisosHorses: Test Cases/PREGAME/Permisos/PermisosHorses

2018-12-24 13:23:15 - [TEST_STEP][PASSED] - log = new com.kms.katalon.core.logging.KeywordLogger(): null

2018-12-24 13:23:16 - [TEST_STEP][PASSED] - com.utils.ExcelsUtils.loadFileInputStream(permisosExcelRuta): com.utils.ExcelsUtils.loadFileInputStream is PASSED

2018-12-24 13:23:16 - [MESSAGE][PASSED] - com.utils.ExcelsUtils.loadFileInputStream is PASSED

2018-12-24 13:23:16 - [TEST_STEP][PASSED] - com.utils.ExcelsUtils.createReadXSSFWorkbook(): com.utils.ExcelsUtils.createReadXSSFWorkbook is PASSED

2018-12-24 13:23:16 - [MESSAGE][INFO] - input file create  Read java.io.FileInputStream@1416cf9f

2018-12-24 13:23:16 - [MESSAGE][PASSED] - com.utils.ExcelsUtils.createReadXSSFWorkbook is PASSED

2018-12-24 13:23:16 - [TEST_STEP][PASSED] - com.utils.ExcelsUtils.loadXSSFSheet("Horses"): com.utils.ExcelsUtils.loadXSSFSheet is PASSED

2018-12-24 13:23:16 - [MESSAGE][PASSED] - com.utils.ExcelsUtils.loadXSSFSheet is PASSED

2018-12-24 13:23:16 - [TEST_STEP][PASSED] - url = com.utils.ExcelsUtils.getColumValue(1, 1): com.utils.ExcelsUtils.getColumValue is PASSED

2018-12-24 13:23:16 - [MESSAGE][PASSED] - com.utils.ExcelsUtils.getColumValue is PASSED

2018-12-24 13:23:16 - [TEST_STEP][PASSED] - userName = com.utils.ExcelsUtils.getColumValue(1, 2): com.utils.ExcelsUtils.getColumValue is PASSED

2018-12-24 13:23:16 - [MESSAGE][PASSED] - com.utils.ExcelsUtils.getColumValue is PASSED

2018-12-24 13:23:16 - [TEST_STEP][PASSED] - userPassword = com.utils.ExcelsUtils.getColumValue(1, 3): com.utils.ExcelsUtils.getColumValue is PASSED

2018-12-24 13:23:16 - [MESSAGE][PASSED] - com.utils.ExcelsUtils.getColumValue is PASSED

2018-12-24 13:23:16 - [TEST_STEP][PASSED] - startHour = com.utils.DateUtil.getHours(): com.utils.DateUtil.getHours is PASSED

2018-12-24 13:23:16 - [MESSAGE][PASSED] - com.utils.DateUtil.getHours is PASSED

2018-12-24 13:23:16 - [TEST_STEP][PASSED] - com.utils.ExcelsUtils.saveDataOnExcel(1, 4, com.utils.DateUtil.getDate()): com.utils.ExcelsUtils.saveDataOnExcel is PASSED

2018-12-24 13:23:16 - [MESSAGE][PASSED] - com.utils.DateUtil.getDate is PASSED

2018-12-24 13:23:16 - [MESSAGE][PASSED] - com.utils.ExcelsUtils.saveDataOnExcel is PASSED

2018-12-24 13:23:16 - [TEST_STEP][PASSED] - com.utils.ExcelsUtils.saveDataOnExcel(1, 5, startHour): com.utils.ExcelsUtils.saveDataOnExcel is PASSED

2018-12-24 13:23:16 - [MESSAGE][PASSED] - com.utils.ExcelsUtils.saveDataOnExcel is PASSED

2018-12-24 13:23:16 - [TEST_STEP][PASSED] - try: com.utils.ExcelsUtils.saveDataOnExcel is PASSED

2018-12-24 13:23:16 - [TEST_STEP][PASSED] - if (!(usuarioLogeado)): null

2018-12-24 13:23:16 - [TEST_STEP][PASSED] - com.utils.ExcelsUtils.saveDataOnExcel(1, 8, mycompany.GetTestingConfig.getOperatingSystem()): com.utils.ExcelsUtils.saveDataOnExcel is PASSED

2018-12-24 13:23:16 - [MESSAGE][PASSED] - mycompany.GetTestingConfig.getOperatingSystem is PASSED

2018-12-24 13:23:16 - [MESSAGE][PASSED] - com.utils.ExcelsUtils.saveDataOnExcel is PASSED

2018-12-24 13:23:16 - [TEST_STEP][PASSED] - com.utils.ExcelsUtils.saveDataOnExcel(1, 10, mycompany.GetTestingConfig.getScreenResolution()): com.utils.ExcelsUtils.saveDataOnExcel is PASSED

2018-12-24 13:23:16 - [MESSAGE][PASSED] - mycompany.GetTestingConfig.getScreenResolution is PASSED

2018-12-24 13:23:16 - [MESSAGE][PASSED] - com.utils.ExcelsUtils.saveDataOnExcel is PASSED

2018-12-24 13:23:16 - [TEST_STEP][PASSED] - com.utils.ExcelsUtils.saveDataOnExcel(1, 9, mycompany.GetTestingConfig.getBrowserAndVersion()): com.utils.ExcelsUtils.saveDataOnExcel is PASSED

2018-12-24 13:23:16 - [MESSAGE][PASSED] - mycompany.GetTestingConfig.getBrowserAndVersion is PASSED

2018-12-24 13:23:16 - [MESSAGE][PASSED] - com.utils.ExcelsUtils.saveDataOnExcel is PASSED

2018-12-24 13:23:16 - [TEST_STEP][PASSED] - verifyElementVisible(findTestObject("Repositorio Sportbook/Permisos/Horses/div_Caballos")): Object 'Object Repository/Repositorio Sportbook/Permisos/Horses/div_Caballos' is visible

2018-12-24 13:23:16 - [MESSAGE][PASSED] - Object 'Object Repository/Repositorio Sportbook/Permisos/Horses/div_Caballos' is visible

2018-12-24 13:23:16 - [TEST_STEP][PASSED] - permiso = getAttribute(findTestObject("Repositorio Sportbook/Permisos/Horses/div_Caballos"), "textContent"): Attribute 'textContent' of object 'Object Repository/Repositorio Sportbook/Permisos/Horses/div_Caballos' is: 'Horses'

2018-12-24 13:23:16 - [MESSAGE][PASSED] - Attribute 'textContent' of object 'Object Repository/Repositorio Sportbook/Permisos/Horses/div_Caballos' is: 'Horses'

2018-12-24 13:23:16 - [TEST_STEP][PASSED] - com.utils.ExcelsUtils.saveDataOnExcel(1, 11, permiso): com.utils.ExcelsUtils.saveDataOnExcel is PASSED

2018-12-24 13:23:16 - [MESSAGE][PASSED] - com.utils.ExcelsUtils.saveDataOnExcel is PASSED

2018-12-24 13:23:16 - [TEST_STEP][PASSED] - com.utils.ExcelsUtils.saveDataOnExcel(1, 7, com.utils.DateUtil.getHours()): com.utils.ExcelsUtils.saveDataOnExcel is PASSED

2018-12-24 13:23:16 - [MESSAGE][PASSED] - com.utils.DateUtil.getHours is PASSED

2018-12-24 13:23:16 - [MESSAGE][PASSED] - com.utils.ExcelsUtils.saveDataOnExcel is PASSED

2018-12-24 13:23:16 - [TEST_STEP][PASSED] - com.utils.ExcelsUtils.saveDataOnExcel(1, 6, com.utils.DateUtil.getDate()): com.utils.ExcelsUtils.saveDataOnExcel is PASSED

2018-12-24 13:23:16 - [MESSAGE][PASSED] - com.utils.DateUtil.getDate is PASSED

2018-12-24 13:23:16 - [MESSAGE][PASSED] - com.utils.ExcelsUtils.saveDataOnExcel is PASSED

2018-12-24 13:23:16 - [TEST_STEP][PASSED] - com.utils.ExcelsUtils.saveDataOnExcel(1, 12, PASSED): com.utils.ExcelsUtils.saveDataOnExcel is PASSED

2018-12-24 13:23:16 - [MESSAGE][PASSED] - com.utils.ExcelsUtils.saveDataOnExcel is PASSED

2018-12-24 13:23:16 - [TEST_STEP][PASSED] - com.utils.ExcelsUtils.saveDataOnExcel(1, 13, "Permiso Horses es correctamente accesible para el usuario"): com.utils.ExcelsUtils.saveDataOnExcel is PASSED

2018-12-24 13:23:16 - [MESSAGE][PASSED] - com.utils.ExcelsUtils.saveDataOnExcel is PASSED

2018-12-24 13:23:16 - [TEST_STEP][PASSED] - Finally: com.utils.ExcelsUtils.closeFileInStream is PASSED

2018-12-24 13:23:16 - [TEST_STEP][PASSED] - com.utils.ExcelsUtils.saveDataOnExcel(1, 7, com.utils.DateUtil.getHours()): com.utils.ExcelsUtils.saveDataOnExcel is PASSED

2018-12-24 13:23:16 - [MESSAGE][PASSED] - com.utils.DateUtil.getHours is PASSED

2018-12-24 13:23:16 - [MESSAGE][PASSED] - com.utils.ExcelsUtils.saveDataOnExcel is PASSED

2018-12-24 13:23:16 - [TEST_STEP][PASSED] - com.utils.ExcelsUtils.saveDataOnExcel(1, 6, com.utils.DateUtil.getDate()): com.utils.ExcelsUtils.saveDataOnExcel is PASSED

2018-12-24 13:23:16 - [MESSAGE][PASSED] - com.utils.DateUtil.getDate is PASSED

2018-12-24 13:23:16 - [MESSAGE][PASSED] - com.utils.ExcelsUtils.saveDataOnExcel is PASSED

2018-12-24 13:23:16 - [TEST_STEP][PASSED] - com.utils.ExcelsUtils.closeFileInStream(): com.utils.ExcelsUtils.closeFileInStream is PASSED

2018-12-24 13:23:16 - [MESSAGE][PASSED] - com.utils.ExcelsUtils.closeFileInStream is PASSED

2018-12-24 13:23:16 - [TEST_STEP][PASSED] - com.utils.ExcelsUtils.loadFileOutputStream(permisosExcelRuta): com.utils.ExcelsUtils.loadFileOutputStream is PASSED

2018-12-24 13:23:16 - [MESSAGE][PASSED] - com.utils.ExcelsUtils.loadFileOutputStream is PASSED

2018-12-24 13:23:16 - [TEST_STEP][PASSED] - com.utils.ExcelsUtils.writeOutputExcelSheet(): com.utils.ExcelsUtils.writeOutputExcelSheet is PASSED

2018-12-24 13:23:16 - [MESSAGE][PASSED] - com.utils.ExcelsUtils.writeOutputExcelSheet is PASSED

2018-12-24 13:23:16 - [TEST_STEP][PASSED] - com.utils.ExcelsUtils.closeFileInStream(): com.utils.ExcelsUtils.closeFileInStream is PASSED

2018-12-24 13:23:16 - [MESSAGE][PASSED] - com.utils.ExcelsUtils.closeFileInStream is PASSED]]></system-out>
         <system-err><![CDATA[]]></system-err>
      </testcase>
      <testcase name="Test Cases/PREGAME/Permisos/PermisosLive" classname="Test Cases/PREGAME/Permisos/PermisosLive" status="PASSED">
         <system-out><![CDATA[2018-12-24 13:23:16 - [TEST_CASE][PASSED] - Test Cases/PREGAME/Permisos/PermisosLive: Test Cases/PREGAME/Permisos/PermisosLive

2018-12-24 13:23:16 - [TEST_STEP][PASSED] - log = new com.kms.katalon.core.logging.KeywordLogger(): null

2018-12-24 13:23:16 - [TEST_STEP][PASSED] - com.utils.ExcelsUtils.loadFileInputStream(permisosExcelRuta): com.utils.ExcelsUtils.loadFileInputStream is PASSED

2018-12-24 13:23:16 - [MESSAGE][PASSED] - com.utils.ExcelsUtils.loadFileInputStream is PASSED

2018-12-24 13:23:16 - [TEST_STEP][PASSED] - com.utils.ExcelsUtils.createReadXSSFWorkbook(): com.utils.ExcelsUtils.createReadXSSFWorkbook is PASSED

2018-12-24 13:23:16 - [MESSAGE][INFO] - input file create  Read java.io.FileInputStream@43e1692f

2018-12-24 13:23:16 - [MESSAGE][PASSED] - com.utils.ExcelsUtils.createReadXSSFWorkbook is PASSED

2018-12-24 13:23:16 - [TEST_STEP][PASSED] - com.utils.ExcelsUtils.loadXSSFSheet("Live"): com.utils.ExcelsUtils.loadXSSFSheet is PASSED

2018-12-24 13:23:16 - [MESSAGE][PASSED] - com.utils.ExcelsUtils.loadXSSFSheet is PASSED

2018-12-24 13:23:16 - [TEST_STEP][PASSED] - url = com.utils.ExcelsUtils.getColumValue(1, 1): com.utils.ExcelsUtils.getColumValue is PASSED

2018-12-24 13:23:16 - [MESSAGE][PASSED] - com.utils.ExcelsUtils.getColumValue is PASSED

2018-12-24 13:23:16 - [TEST_STEP][PASSED] - userName = com.utils.ExcelsUtils.getColumValue(1, 2): com.utils.ExcelsUtils.getColumValue is PASSED

2018-12-24 13:23:16 - [MESSAGE][PASSED] - com.utils.ExcelsUtils.getColumValue is PASSED

2018-12-24 13:23:16 - [TEST_STEP][PASSED] - userPassword = com.utils.ExcelsUtils.getColumValue(1, 3): com.utils.ExcelsUtils.getColumValue is PASSED

2018-12-24 13:23:16 - [MESSAGE][PASSED] - com.utils.ExcelsUtils.getColumValue is PASSED

2018-12-24 13:23:16 - [TEST_STEP][PASSED] - startHour = com.utils.DateUtil.getHours(): com.utils.DateUtil.getHours is PASSED

2018-12-24 13:23:16 - [MESSAGE][PASSED] - com.utils.DateUtil.getHours is PASSED

2018-12-24 13:23:16 - [TEST_STEP][PASSED] - com.utils.ExcelsUtils.saveDataOnExcel(1, 4, com.utils.DateUtil.getDate()): com.utils.ExcelsUtils.saveDataOnExcel is PASSED

2018-12-24 13:23:16 - [MESSAGE][PASSED] - com.utils.DateUtil.getDate is PASSED

2018-12-24 13:23:16 - [MESSAGE][PASSED] - com.utils.ExcelsUtils.saveDataOnExcel is PASSED

2018-12-24 13:23:16 - [TEST_STEP][PASSED] - com.utils.ExcelsUtils.saveDataOnExcel(1, 5, startHour): com.utils.ExcelsUtils.saveDataOnExcel is PASSED

2018-12-24 13:23:16 - [MESSAGE][PASSED] - com.utils.ExcelsUtils.saveDataOnExcel is PASSED

2018-12-24 13:23:16 - [TEST_STEP][PASSED] - try: com.utils.ExcelsUtils.saveDataOnExcel is PASSED

2018-12-24 13:23:16 - [TEST_STEP][PASSED] - if (!(usuarioLogeado)): null

2018-12-24 13:23:16 - [TEST_STEP][PASSED] - com.utils.ExcelsUtils.saveDataOnExcel(1, 8, mycompany.GetTestingConfig.getOperatingSystem()): com.utils.ExcelsUtils.saveDataOnExcel is PASSED

2018-12-24 13:23:16 - [MESSAGE][PASSED] - mycompany.GetTestingConfig.getOperatingSystem is PASSED

2018-12-24 13:23:16 - [MESSAGE][PASSED] - com.utils.ExcelsUtils.saveDataOnExcel is PASSED

2018-12-24 13:23:16 - [TEST_STEP][PASSED] - com.utils.ExcelsUtils.saveDataOnExcel(1, 10, mycompany.GetTestingConfig.getScreenResolution()): com.utils.ExcelsUtils.saveDataOnExcel is PASSED

2018-12-24 13:23:16 - [MESSAGE][PASSED] - mycompany.GetTestingConfig.getScreenResolution is PASSED

2018-12-24 13:23:16 - [MESSAGE][PASSED] - com.utils.ExcelsUtils.saveDataOnExcel is PASSED

2018-12-24 13:23:16 - [TEST_STEP][PASSED] - com.utils.ExcelsUtils.saveDataOnExcel(1, 9, mycompany.GetTestingConfig.getBrowserAndVersion()): com.utils.ExcelsUtils.saveDataOnExcel is PASSED

2018-12-24 13:23:16 - [MESSAGE][PASSED] - mycompany.GetTestingConfig.getBrowserAndVersion is PASSED

2018-12-24 13:23:16 - [MESSAGE][PASSED] - com.utils.ExcelsUtils.saveDataOnExcel is PASSED

2018-12-24 13:23:16 - [TEST_STEP][PASSED] - verifyElementVisible(findTestObject("Repositorio Sportbook/Permisos/Live/div_En Vivo")): Object 'Object Repository/Repositorio Sportbook/Permisos/Live/div_En Vivo' is visible

2018-12-24 13:23:16 - [MESSAGE][PASSED] - Object 'Object Repository/Repositorio Sportbook/Permisos/Live/div_En Vivo' is visible

2018-12-24 13:23:16 - [TEST_STEP][PASSED] - permiso = getAttribute(findTestObject("Repositorio Sportbook/Permisos/Live/div_En Vivo"), "textContent"): Attribute 'textContent' of object 'Object Repository/Repositorio Sportbook/Permisos/Live/div_En Vivo' is: 'Live'

2018-12-24 13:23:16 - [MESSAGE][PASSED] - Attribute 'textContent' of object 'Object Repository/Repositorio Sportbook/Permisos/Live/div_En Vivo' is: 'Live'

2018-12-24 13:23:16 - [TEST_STEP][PASSED] - com.utils.ExcelsUtils.saveDataOnExcel(1, 11, permiso): com.utils.ExcelsUtils.saveDataOnExcel is PASSED

2018-12-24 13:23:16 - [MESSAGE][PASSED] - com.utils.ExcelsUtils.saveDataOnExcel is PASSED

2018-12-24 13:23:16 - [TEST_STEP][PASSED] - com.utils.ExcelsUtils.saveDataOnExcel(1, 7, com.utils.DateUtil.getHours()): com.utils.ExcelsUtils.saveDataOnExcel is PASSED

2018-12-24 13:23:16 - [MESSAGE][PASSED] - com.utils.DateUtil.getHours is PASSED

2018-12-24 13:23:16 - [MESSAGE][PASSED] - com.utils.ExcelsUtils.saveDataOnExcel is PASSED

2018-12-24 13:23:16 - [TEST_STEP][PASSED] - com.utils.ExcelsUtils.saveDataOnExcel(1, 6, com.utils.DateUtil.getDate()): com.utils.ExcelsUtils.saveDataOnExcel is PASSED

2018-12-24 13:23:16 - [MESSAGE][PASSED] - com.utils.DateUtil.getDate is PASSED

2018-12-24 13:23:16 - [MESSAGE][PASSED] - com.utils.ExcelsUtils.saveDataOnExcel is PASSED

2018-12-24 13:23:16 - [TEST_STEP][PASSED] - com.utils.ExcelsUtils.saveDataOnExcel(1, 12, PASSED): com.utils.ExcelsUtils.saveDataOnExcel is PASSED

2018-12-24 13:23:16 - [MESSAGE][PASSED] - com.utils.ExcelsUtils.saveDataOnExcel is PASSED

2018-12-24 13:23:16 - [TEST_STEP][PASSED] - com.utils.ExcelsUtils.saveDataOnExcel(1, 13, "Permiso Live es correctamente accesible para el usuario"): com.utils.ExcelsUtils.saveDataOnExcel is PASSED

2018-12-24 13:23:16 - [MESSAGE][PASSED] - com.utils.ExcelsUtils.saveDataOnExcel is PASSED

2018-12-24 13:23:16 - [TEST_STEP][PASSED] - Finally: com.utils.ExcelsUtils.closeFileInStream is PASSED

2018-12-24 13:23:16 - [TEST_STEP][PASSED] - com.utils.ExcelsUtils.saveDataOnExcel(1, 7, com.utils.DateUtil.getHours()): com.utils.ExcelsUtils.saveDataOnExcel is PASSED

2018-12-24 13:23:16 - [MESSAGE][PASSED] - com.utils.DateUtil.getHours is PASSED

2018-12-24 13:23:16 - [MESSAGE][PASSED] - com.utils.ExcelsUtils.saveDataOnExcel is PASSED

2018-12-24 13:23:16 - [TEST_STEP][PASSED] - com.utils.ExcelsUtils.saveDataOnExcel(1, 6, com.utils.DateUtil.getDate()): com.utils.ExcelsUtils.saveDataOnExcel is PASSED

2018-12-24 13:23:16 - [MESSAGE][PASSED] - com.utils.DateUtil.getDate is PASSED

2018-12-24 13:23:16 - [MESSAGE][PASSED] - com.utils.ExcelsUtils.saveDataOnExcel is PASSED

2018-12-24 13:23:16 - [TEST_STEP][PASSED] - com.utils.ExcelsUtils.closeFileInStream(): com.utils.ExcelsUtils.closeFileInStream is PASSED

2018-12-24 13:23:16 - [MESSAGE][PASSED] - com.utils.ExcelsUtils.closeFileInStream is PASSED

2018-12-24 13:23:16 - [TEST_STEP][PASSED] - com.utils.ExcelsUtils.loadFileOutputStream(permisosExcelRuta): com.utils.ExcelsUtils.loadFileOutputStream is PASSED

2018-12-24 13:23:16 - [MESSAGE][PASSED] - com.utils.ExcelsUtils.loadFileOutputStream is PASSED

2018-12-24 13:23:16 - [TEST_STEP][PASSED] - com.utils.ExcelsUtils.writeOutputExcelSheet(): com.utils.ExcelsUtils.writeOutputExcelSheet is PASSED

2018-12-24 13:23:16 - [MESSAGE][PASSED] - com.utils.ExcelsUtils.writeOutputExcelSheet is PASSED

2018-12-24 13:23:16 - [TEST_STEP][PASSED] - com.utils.ExcelsUtils.closeFileInStream(): com.utils.ExcelsUtils.closeFileInStream is PASSED

2018-12-24 13:23:16 - [MESSAGE][PASSED] - com.utils.ExcelsUtils.closeFileInStream is PASSED]]></system-out>
         <system-err><![CDATA[]]></system-err>
      </testcase>
      <testcase name="Test Cases/PREGAME/Permisos/PermisoSportBook" classname="Test Cases/PREGAME/Permisos/PermisoSportBook" status="PASSED">
         <system-out><![CDATA[2018-12-24 13:23:16 - [TEST_CASE][PASSED] - Test Cases/PREGAME/Permisos/PermisoSportBook: Test Cases/PREGAME/Permisos/PermisoSportBook

2018-12-24 13:23:16 - [TEST_STEP][PASSED] - log = new com.kms.katalon.core.logging.KeywordLogger(): null

2018-12-24 13:23:16 - [TEST_STEP][PASSED] - com.utils.ExcelsUtils.loadFileInputStream(permisosExcelRuta): com.utils.ExcelsUtils.loadFileInputStream is PASSED

2018-12-24 13:23:16 - [MESSAGE][PASSED] - com.utils.ExcelsUtils.loadFileInputStream is PASSED

2018-12-24 13:23:16 - [TEST_STEP][PASSED] - com.utils.ExcelsUtils.createReadXSSFWorkbook(): com.utils.ExcelsUtils.createReadXSSFWorkbook is PASSED

2018-12-24 13:23:16 - [MESSAGE][INFO] - input file create  Read java.io.FileInputStream@3e47a03

2018-12-24 13:23:17 - [MESSAGE][PASSED] - com.utils.ExcelsUtils.createReadXSSFWorkbook is PASSED

2018-12-24 13:23:17 - [TEST_STEP][PASSED] - com.utils.ExcelsUtils.loadXSSFSheet("Sportbook"): com.utils.ExcelsUtils.loadXSSFSheet is PASSED

2018-12-24 13:23:17 - [MESSAGE][PASSED] - com.utils.ExcelsUtils.loadXSSFSheet is PASSED

2018-12-24 13:23:17 - [TEST_STEP][PASSED] - url = com.utils.ExcelsUtils.getColumValue(1, 1): com.utils.ExcelsUtils.getColumValue is PASSED

2018-12-24 13:23:17 - [MESSAGE][PASSED] - com.utils.ExcelsUtils.getColumValue is PASSED

2018-12-24 13:23:17 - [TEST_STEP][PASSED] - userName = com.utils.ExcelsUtils.getColumValue(1, 2): com.utils.ExcelsUtils.getColumValue is PASSED

2018-12-24 13:23:17 - [MESSAGE][PASSED] - com.utils.ExcelsUtils.getColumValue is PASSED

2018-12-24 13:23:17 - [TEST_STEP][PASSED] - userPassword = com.utils.ExcelsUtils.getColumValue(1, 3): com.utils.ExcelsUtils.getColumValue is PASSED

2018-12-24 13:23:17 - [MESSAGE][PASSED] - com.utils.ExcelsUtils.getColumValue is PASSED

2018-12-24 13:23:17 - [TEST_STEP][PASSED] - startHour = com.utils.DateUtil.getHours(): com.utils.DateUtil.getHours is PASSED

2018-12-24 13:23:17 - [MESSAGE][PASSED] - com.utils.DateUtil.getHours is PASSED

2018-12-24 13:23:17 - [TEST_STEP][PASSED] - com.utils.ExcelsUtils.saveDataOnExcel(1, 4, com.utils.DateUtil.getDate()): com.utils.ExcelsUtils.saveDataOnExcel is PASSED

2018-12-24 13:23:17 - [MESSAGE][PASSED] - com.utils.DateUtil.getDate is PASSED

2018-12-24 13:23:17 - [MESSAGE][PASSED] - com.utils.ExcelsUtils.saveDataOnExcel is PASSED

2018-12-24 13:23:17 - [TEST_STEP][PASSED] - com.utils.ExcelsUtils.saveDataOnExcel(1, 5, startHour): com.utils.ExcelsUtils.saveDataOnExcel is PASSED

2018-12-24 13:23:17 - [MESSAGE][PASSED] - com.utils.ExcelsUtils.saveDataOnExcel is PASSED

2018-12-24 13:23:17 - [TEST_STEP][PASSED] - try: com.utils.ExcelsUtils.saveDataOnExcel is PASSED

2018-12-24 13:23:17 - [TEST_STEP][PASSED] - if (!(usuarioLogeado)): null

2018-12-24 13:23:17 - [TEST_STEP][PASSED] - com.utils.ExcelsUtils.saveDataOnExcel(1, 8, mycompany.GetTestingConfig.getOperatingSystem()): com.utils.ExcelsUtils.saveDataOnExcel is PASSED

2018-12-24 13:23:17 - [MESSAGE][PASSED] - mycompany.GetTestingConfig.getOperatingSystem is PASSED

2018-12-24 13:23:17 - [MESSAGE][PASSED] - com.utils.ExcelsUtils.saveDataOnExcel is PASSED

2018-12-24 13:23:17 - [TEST_STEP][PASSED] - com.utils.ExcelsUtils.saveDataOnExcel(1, 10, mycompany.GetTestingConfig.getScreenResolution()): com.utils.ExcelsUtils.saveDataOnExcel is PASSED

2018-12-24 13:23:17 - [MESSAGE][PASSED] - mycompany.GetTestingConfig.getScreenResolution is PASSED

2018-12-24 13:23:17 - [MESSAGE][PASSED] - com.utils.ExcelsUtils.saveDataOnExcel is PASSED

2018-12-24 13:23:17 - [TEST_STEP][PASSED] - com.utils.ExcelsUtils.saveDataOnExcel(1, 9, mycompany.GetTestingConfig.getBrowserAndVersion()): com.utils.ExcelsUtils.saveDataOnExcel is PASSED

2018-12-24 13:23:17 - [MESSAGE][PASSED] - mycompany.GetTestingConfig.getBrowserAndVersion is PASSED

2018-12-24 13:23:17 - [MESSAGE][PASSED] - com.utils.ExcelsUtils.saveDataOnExcel is PASSED

2018-12-24 13:23:17 - [TEST_STEP][PASSED] - verifyElementVisible(findTestObject("Repositorio Sportbook/Permisos/Sportbook/div_Sports")): Object 'Object Repository/Repositorio Sportbook/Permisos/Sportbook/div_Sports' is visible

2018-12-24 13:23:17 - [MESSAGE][PASSED] - Object 'Object Repository/Repositorio Sportbook/Permisos/Sportbook/div_Sports' is visible

2018-12-24 13:23:17 - [TEST_STEP][PASSED] - permiso = getAttribute(findTestObject("Repositorio Sportbook/Permisos/Sportbook/div_Sports"), "textContent"): Attribute 'textContent' of object 'Object Repository/Repositorio Sportbook/Permisos/Sportbook/div_Sports' is: 'Sports'

2018-12-24 13:23:17 - [MESSAGE][PASSED] - Attribute 'textContent' of object 'Object Repository/Repositorio Sportbook/Permisos/Sportbook/div_Sports' is: 'Sports'

2018-12-24 13:23:17 - [TEST_STEP][PASSED] - com.utils.ExcelsUtils.saveDataOnExcel(1, 11, permiso): com.utils.ExcelsUtils.saveDataOnExcel is PASSED

2018-12-24 13:23:17 - [MESSAGE][PASSED] - com.utils.ExcelsUtils.saveDataOnExcel is PASSED

2018-12-24 13:23:17 - [TEST_STEP][PASSED] - com.utils.ExcelsUtils.saveDataOnExcel(1, 12, PASSED): com.utils.ExcelsUtils.saveDataOnExcel is PASSED

2018-12-24 13:23:17 - [MESSAGE][PASSED] - com.utils.ExcelsUtils.saveDataOnExcel is PASSED

2018-12-24 13:23:17 - [TEST_STEP][PASSED] - com.utils.ExcelsUtils.saveDataOnExcel(1, 13, "Permiso Sportbook es correctamente accesible para el usuario"): com.utils.ExcelsUtils.saveDataOnExcel is PASSED

2018-12-24 13:23:17 - [MESSAGE][PASSED] - com.utils.ExcelsUtils.saveDataOnExcel is PASSED

2018-12-24 13:23:17 - [TEST_STEP][PASSED] - Finally: com.utils.ExcelsUtils.closeFileInStream is PASSED

2018-12-24 13:23:17 - [TEST_STEP][PASSED] - com.utils.ExcelsUtils.saveDataOnExcel(1, 7, com.utils.DateUtil.getHours()): com.utils.ExcelsUtils.saveDataOnExcel is PASSED

2018-12-24 13:23:17 - [MESSAGE][PASSED] - com.utils.DateUtil.getHours is PASSED

2018-12-24 13:23:17 - [MESSAGE][PASSED] - com.utils.ExcelsUtils.saveDataOnExcel is PASSED

2018-12-24 13:23:17 - [TEST_STEP][PASSED] - com.utils.ExcelsUtils.saveDataOnExcel(1, 6, com.utils.DateUtil.getDate()): com.utils.ExcelsUtils.saveDataOnExcel is PASSED

2018-12-24 13:23:17 - [MESSAGE][PASSED] - com.utils.DateUtil.getDate is PASSED

2018-12-24 13:23:17 - [MESSAGE][PASSED] - com.utils.ExcelsUtils.saveDataOnExcel is PASSED

2018-12-24 13:23:17 - [TEST_STEP][PASSED] - com.utils.ExcelsUtils.closeFileInStream(): com.utils.ExcelsUtils.closeFileInStream is PASSED

2018-12-24 13:23:17 - [MESSAGE][PASSED] - com.utils.ExcelsUtils.closeFileInStream is PASSED

2018-12-24 13:23:17 - [TEST_STEP][PASSED] - com.utils.ExcelsUtils.loadFileOutputStream(permisosExcelRuta): com.utils.ExcelsUtils.loadFileOutputStream is PASSED

2018-12-24 13:23:17 - [MESSAGE][PASSED] - com.utils.ExcelsUtils.loadFileOutputStream is PASSED

2018-12-24 13:23:17 - [TEST_STEP][PASSED] - com.utils.ExcelsUtils.writeOutputExcelSheet(): com.utils.ExcelsUtils.writeOutputExcelSheet is PASSED

2018-12-24 13:23:17 - [MESSAGE][PASSED] - com.utils.ExcelsUtils.writeOutputExcelSheet is PASSED

2018-12-24 13:23:17 - [TEST_STEP][PASSED] - com.utils.ExcelsUtils.closeFileInStream(): com.utils.ExcelsUtils.closeFileInStream is PASSED

2018-12-24 13:23:17 - [MESSAGE][PASSED] - com.utils.ExcelsUtils.closeFileInStream is PASSED]]></system-out>
         <system-err><![CDATA[]]></system-err>
      </testcase>
      <system-out><![CDATA[2018-12-24 13:22:52 - [TEST_SUITE][PASSED] - TestSUitesPermisos: Test Cases/PREGAME/Permisos/PermisoSportBook]]></system-out>
      <system-err><![CDATA[]]></system-err>
   </testsuite>
</testsuites>
